0 info it worked if it ends with ok
1 verbose cli [ '/usr/local/bin/node',
1 verbose cli   '/usr/local/bin/npm',
1 verbose cli   'install',
1 verbose cli   'socket.io' ]
2 info using npm@1.1.66
3 info using node@v0.8.15
4 verbose read json /home/tzq/codetest/socketio/chat-example/package.json
5 verbose read json /home/tzq/codetest/socketio/chat-example/node_modules/media-typer/package.json
6 verbose read json /home/tzq/codetest/socketio/chat-example/node_modules/utils-merge/package.json
7 verbose read json /home/tzq/codetest/socketio/chat-example/node_modules/proxy-addr/package.json
8 verbose read json /home/tzq/codetest/socketio/chat-example/node_modules/type-is/package.json
9 verbose read json /home/tzq/codetest/socketio/chat-example/node_modules/path-to-regexp/package.json
10 verbose read json /home/tzq/codetest/socketio/chat-example/node_modules/toidentifier/package.json
11 verbose read json /home/tzq/codetest/socketio/chat-example/node_modules/escape-html/package.json
12 verbose read json /home/tzq/codetest/socketio/chat-example/node_modules/etag/package.json
13 verbose read json /home/tzq/codetest/socketio/chat-example/node_modules/debug/package.json
14 verbose read json /home/tzq/codetest/socketio/chat-example/node_modules/merge-descriptors/package.json
15 verbose read json /home/tzq/codetest/socketio/chat-example/node_modules/methods/package.json
16 verbose read json /home/tzq/codetest/socketio/chat-example/node_modules/express/package.json
17 verbose read json /home/tzq/codetest/socketio/chat-example/node_modules/vary/package.json
18 verbose read json /home/tzq/codetest/socketio/chat-example/node_modules/depd/package.json
19 verbose read json /home/tzq/codetest/socketio/chat-example/node_modules/mime-db/package.json
20 verbose read json /home/tzq/codetest/socketio/chat-example/node_modules/http-errors/package.json
21 verbose read json /home/tzq/codetest/socketio/chat-example/node_modules/array-flatten/package.json
22 verbose read json /home/tzq/codetest/socketio/chat-example/node_modules/encodeurl/package.json
23 verbose read json /home/tzq/codetest/socketio/chat-example/node_modules/raw-body/package.json
24 verbose read json /home/tzq/codetest/socketio/chat-example/node_modules/mime/package.json
25 verbose read json /home/tzq/codetest/socketio/chat-example/node_modules/accepts/package.json
26 verbose read json /home/tzq/codetest/socketio/chat-example/node_modules/destroy/package.json
27 verbose read json /home/tzq/codetest/socketio/chat-example/node_modules/forwarded/package.json
28 verbose read json /home/tzq/codetest/socketio/chat-example/node_modules/unpipe/package.json
29 verbose read json /home/tzq/codetest/socketio/chat-example/node_modules/fresh/package.json
30 verbose read json /home/tzq/codetest/socketio/chat-example/node_modules/content-type/package.json
31 verbose read json /home/tzq/codetest/socketio/chat-example/node_modules/ipaddr.js/package.json
32 verbose read json /home/tzq/codetest/socketio/chat-example/node_modules/ms/package.json
33 verbose read json /home/tzq/codetest/socketio/chat-example/node_modules/content-disposition/package.json
34 verbose read json /home/tzq/codetest/socketio/chat-example/node_modules/ee-first/package.json
35 verbose read json /home/tzq/codetest/socketio/chat-example/node_modules/cookie-signature/package.json
36 verbose read json /home/tzq/codetest/socketio/chat-example/node_modules/serve-static/package.json
37 verbose read json /home/tzq/codetest/socketio/chat-example/node_modules/send/package.json
38 verbose read json /home/tzq/codetest/socketio/chat-example/node_modules/mime-types/package.json
39 verbose read json /home/tzq/codetest/socketio/chat-example/node_modules/qs/package.json
40 verbose read json /home/tzq/codetest/socketio/chat-example/node_modules/safe-buffer/package.json
41 verbose read json /home/tzq/codetest/socketio/chat-example/node_modules/inherits/package.json
42 verbose read json /home/tzq/codetest/socketio/chat-example/node_modules/parseurl/package.json
43 verbose read json /home/tzq/codetest/socketio/chat-example/node_modules/negotiator/package.json
44 verbose read json /home/tzq/codetest/socketio/chat-example/node_modules/on-finished/package.json
45 verbose read json /home/tzq/codetest/socketio/chat-example/node_modules/range-parser/package.json
46 verbose read json /home/tzq/codetest/socketio/chat-example/node_modules/safer-buffer/package.json
47 verbose read json /home/tzq/codetest/socketio/chat-example/node_modules/body-parser/package.json
48 verbose read json /home/tzq/codetest/socketio/chat-example/node_modules/setprototypeof/package.json
49 verbose read json /home/tzq/codetest/socketio/chat-example/node_modules/finalhandler/package.json
50 verbose read json /home/tzq/codetest/socketio/chat-example/node_modules/statuses/package.json
51 verbose read json /home/tzq/codetest/socketio/chat-example/node_modules/iconv-lite/package.json
52 verbose read json /home/tzq/codetest/socketio/chat-example/node_modules/cookie/package.json
53 verbose read json /home/tzq/codetest/socketio/chat-example/node_modules/bytes/package.json
54 verbose from cache /home/tzq/codetest/socketio/chat-example/package.json
55 verbose readDependencies using package.json deps
56 verbose cache add [ 'socket.io@^4.1.2', null ]
57 silly cache add name=undefined spec="socket.io@^4.1.2" args=["socket.io@^4.1.2",null]
58 verbose parsed url { pathname: 'socket.io@^4.1.2',
58 verbose parsed url   path: 'socket.io@^4.1.2',
58 verbose parsed url   href: 'socket.io@^4.1.2' }
59 silly cache add name="socket.io" spec="^4.1.2" args=["socket.io","^4.1.2"]
60 verbose parsed url { pathname: '^4.1.2', path: '^4.1.2', href: '^4.1.2' }
61 verbose addNamed [ 'socket.io', '^4.1.2' ]
62 verbose addNamed [ null, null ]
63 silly lockFile 068444e3-socket-io-4-1-2 socket.io@^4.1.2
64 verbose lock socket.io@^4.1.2 /home/tzq/.npm/068444e3-socket-io-4-1-2.lock
65 info addNameTag [ 'socket.io', '^4.1.2' ]
66 verbose url raw socket.io
67 verbose url resolving [ 'https://registry.npmjs.org/', './socket.io' ]
68 verbose url resolved https://registry.npmjs.org/socket.io
69 info trying registry request attempt 1 at 19:34:12
70 http GET https://registry.npmjs.org/socket.io
71 info retry will retry, error on last attempt: Error: 139934096054080:error:1407742E:SSL routines:SSL23_GET_SERVER_HELLO:tlsv1 alert protocol version:../deps/openssl/openssl/ssl/s23_clnt.c:658:
72 info trying registry request attempt 2 at 19:34:22
73 http GET https://registry.npmjs.org/socket.io
74 info retry will retry, error on last attempt: Error: 139934096054080:error:1407742E:SSL routines:SSL23_GET_SERVER_HELLO:tlsv1 alert protocol version:../deps/openssl/openssl/ssl/s23_clnt.c:658:
75 info trying registry request attempt 3 at 19:35:22
76 http GET https://registry.npmjs.org/socket.io
77 silly lockFile 068444e3-socket-io-4-1-2 socket.io@^4.1.2
78 error Error: 139934096054080:error:1407742E:SSL routines:SSL23_GET_SERVER_HELLO:tlsv1 alert protocol version:../deps/openssl/openssl/ssl/s23_clnt.c:658:
78 error
78 error     at CleartextStream._puller (tls.js:649:24)
78 error     at CleartextStream.CryptoStream._pull (tls.js:583:19)
78 error     at SecurePair.cycle (tls.js:873:20)
78 error     at EncryptedStream.CryptoStream.write (tls.js:267:13)
78 error     at Socket.ondata (stream.js:38:26)
78 error     at Socket.EventEmitter.emit (events.js:96:17)
78 error     at TCP.onread (net.js:396:14)
79 error If you need help, you may report this log at:
79 error     <http://github.com/isaacs/npm/issues>
79 error or email it to:
79 error     <npm-@googlegroups.com>
80 error System Linux 5.4.0-90-generic
81 error command "/usr/local/bin/node" "/usr/local/bin/npm" "install" "socket.io"
82 error cwd /home/tzq/codetest/socketio/chat-example
83 error node -v v0.8.15
84 error npm -v 1.1.66
85 verbose exit [ 1, true ]
